[01:27:49] [main/INFO]: Loading Minecraft 1.20.1 with Fabric Loader 0.16.3
[01:27:49] [main/INFO]: Loading 11 mods:
	- fabricloader 0.16.3
	   \-- mixinextras 0.4.1
	- java 17
	- lithium 0.11.2
	- minecraft 1.20.1
	- voicechat 1.20.1-2.5.26
	   |-- fabric-api-base 0.4.29+b04edc7a82
	   |-- fabric-command-api-v2 2.2.11+b3afc78b82
	   |-- fabric-key-binding-api-v1 1.0.36+fb8d95da82
	   |-- fabric-lifecycle-events-v1 2.2.20+b3afc78b82
	   |-- fabric-networking-api-v1 1.3.8+b3afc78b82
	   \-- fabric-resource-loader-v0 0.11.7+f7923f6d82
[01:27:49] [main/INFO]: SpongePowered MIXIN Subsystem Version=0.8.7 Source=file:/workspaces/UltraHardcore/servidor_minecraft/libraries/net/fabricmc/sponge-mixin/0.15.2+mixin.0.8.7/sponge-mixin-0.15.2+mixin.0.8.7.jar Service=Knot/Fabric Env=SERVER
[01:27:49] [main/INFO]: Compatibility level set to JAVA_16
[01:27:49] [main/INFO]: Compatibility level set to JAVA_17
[01:27:50] [main/INFO]: Loaded configuration file for Lithium: 115 options available, 0 override(s) found
[01:27:51] [main/INFO]: Initializing MixinExtras via com.llamalad7.mixinextras.service.MixinExtrasServiceImpl(version=0.4.1).
[01:28:00] [main/INFO]: [voicechat] Compatibility version 18
[01:28:00] [main/INFO]: [voicechat] Loading plugins
[01:28:00] [main/INFO]: [voicechat] Loaded 0 plugin(s)
[01:28:00] [main/INFO]: [voicechat] Initializing plugins
[01:28:00] [main/INFO]: [voicechat] Initialized 0 plugin(s)
[01:28:00] [main/INFO]: Environment: authHost='https://authserver.mojang.com', accountsHost='https://api.mojang.com', sessionHost='https://sessionserver.mojang.com', servicesHost='https://api.minecraftservices.com', name='PROD'
[01:28:03] [main/INFO]: Loaded 7 recipes
[01:28:03] [main/INFO]: Loaded 1271 advancements
[01:28:04] [Server thread/INFO]: Starting minecraft server version 1.20.1
[01:28:04] [Server thread/INFO]: Loading properties
[01:28:04] [Server thread/INFO]: Default game type: SURVIVAL
[01:28:04] [Server thread/INFO]: Generating keypair
[01:28:04] [Server thread/INFO]: Starting Minecraft server on *:25565
[01:28:04] [Server thread/INFO]: Using epoll channel type
[01:28:04] [Server thread/WARN]: **** SERVER IS RUNNING IN OFFLINE/INSECURE MODE!
[01:28:04] [Server thread/WARN]: The server will make no attempt to authenticate usernames. Beware.
[01:28:04] [Server thread/WARN]: While this makes the game possible to play without internet access, it also opens up the ability for hackers to connect with any username they choose.
[01:28:04] [Server thread/WARN]: To change this, set "online-mode" to "true" in the server.properties file.
[01:28:04] [Server thread/INFO]: Preparing level "world"
[01:28:19] [Server thread/INFO]: Preparing start region for dimension minecraft:overworld
[01:28:20] [Worker-Main-1/INFO]: Preparing spawn area: 0%
[01:28:20] [Worker-Main-1/INFO]: Preparing spawn area: 0%
[01:28:20] [Worker-Main-1/INFO]: Preparing spawn area: 0%
[01:28:20] [Worker-Main-1/INFO]: Preparing spawn area: 0%
[01:28:21] [Worker-Main-1/INFO]: Preparing spawn area: 0%
[01:28:21] [Worker-Main-1/INFO]: Preparing spawn area: 0%
[01:28:22] [Worker-Main-1/INFO]: Preparing spawn area: 0%
[01:28:23] [Worker-Main-1/INFO]: Preparing spawn area: 0%
[01:28:23] [Worker-Main-1/INFO]: Preparing spawn area: 0%
[01:28:23] [Worker-Main-1/INFO]: Preparing spawn area: 0%
[01:28:24] [Worker-Main-1/INFO]: Preparing spawn area: 0%
[01:28:24] [Worker-Main-1/INFO]: Preparing spawn area: 0%
[01:28:25] [Worker-Main-1/INFO]: Preparing spawn area: 0%
[01:28:26] [Worker-Main-1/INFO]: Preparing spawn area: 0%
[01:28:26] [Worker-Main-1/INFO]: Preparing spawn area: 0%
[01:28:26] [Worker-Main-1/INFO]: Preparing spawn area: 0%
[01:28:27] [Worker-Main-1/INFO]: Preparing spawn area: 0%
[01:28:27] [Worker-Main-1/INFO]: Preparing spawn area: 0%
[01:28:28] [Worker-Main-1/INFO]: Preparing spawn area: 0%
[01:28:28] [Worker-Main-1/INFO]: Preparing spawn area: 0%
[01:28:29] [Worker-Main-1/INFO]: Preparing spawn area: 0%
[01:28:29] [Worker-Main-1/INFO]: Preparing spawn area: 0%
[01:28:30] [Worker-Main-1/INFO]: Preparing spawn area: 0%
[01:28:30] [Worker-Main-1/INFO]: Preparing spawn area: 0%
[01:28:31] [Worker-Main-1/INFO]: Preparing spawn area: 0%
[01:28:31] [Worker-Main-1/INFO]: Preparing spawn area: 0%
[01:28:32] [Worker-Main-1/INFO]: Preparing spawn area: 0%
[01:28:32] [Worker-Main-1/INFO]: Preparing spawn area: 0%
[01:28:33] [Worker-Main-1/INFO]: Preparing spawn area: 0%
[01:28:33] [Worker-Main-1/INFO]: Preparing spawn area: 0%
[01:28:34] [Worker-Main-1/INFO]: Preparing spawn area: 0%
[01:28:34] [Worker-Main-1/INFO]: Preparing spawn area: 0%
[01:28:35] [Worker-Main-1/INFO]: Preparing spawn area: 0%
[01:28:35] [Worker-Main-1/INFO]: Preparing spawn area: 0%
[01:28:36] [Worker-Main-1/INFO]: Preparing spawn area: 0%
[01:28:36] [Worker-Main-1/INFO]: Preparing spawn area: 0%
[01:28:37] [Worker-Main-1/INFO]: Preparing spawn area: 0%
[01:28:37] [Worker-Main-1/INFO]: Preparing spawn area: 0%
[01:28:38] [Worker-Main-1/INFO]: Preparing spawn area: 0%
[01:28:38] [Worker-Main-1/INFO]: Preparing spawn area: 0%
[01:28:39] [Worker-Main-1/INFO]: Preparing spawn area: 0%
[01:28:39] [Worker-Main-1/INFO]: Preparing spawn area: 0%
[01:28:40] [Worker-Main-1/INFO]: Preparing spawn area: 0%
[01:28:40] [Worker-Main-1/INFO]: Preparing spawn area: 0%
[01:28:41] [Worker-Main-1/INFO]: Preparing spawn area: 0%
[01:28:41] [Worker-Main-1/INFO]: Preparing spawn area: 0%
[01:28:42] [Worker-Main-1/INFO]: Preparing spawn area: 0%
[01:28:42] [Worker-Main-1/INFO]: Preparing spawn area: 0%
[01:28:43] [Worker-Main-1/INFO]: Preparing spawn area: 0%
[01:28:43] [Worker-Main-1/INFO]: Preparing spawn area: 0%
[01:28:44] [Worker-Main-1/INFO]: Preparing spawn area: 0%
[01:28:44] [Worker-Main-1/INFO]: Preparing spawn area: 0%
[01:28:45] [Worker-Main-1/INFO]: Preparing spawn area: 0%
[01:28:45] [Worker-Main-1/INFO]: Preparing spawn area: 0%
[01:28:46] [Worker-Main-1/INFO]: Preparing spawn area: 0%
[01:28:46] [Worker-Main-1/INFO]: Preparing spawn area: 0%
[01:28:47] [Worker-Main-1/INFO]: Preparing spawn area: 0%
[01:28:47] [Worker-Main-1/INFO]: Preparing spawn area: 0%
[01:28:48] [Worker-Main-1/INFO]: Preparing spawn area: 0%
[01:28:48] [Worker-Main-1/INFO]: Preparing spawn area: 0%
[01:28:49] [Worker-Main-1/INFO]: Preparing spawn area: 0%
[01:28:49] [Worker-Main-1/INFO]: Preparing spawn area: 0%
[01:28:50] [Worker-Main-1/INFO]: Preparing spawn area: 0%
[01:28:50] [Worker-Main-1/INFO]: Preparing spawn area: 0%
[01:28:51] [Worker-Main-1/INFO]: Preparing spawn area: 0%
[01:28:51] [Worker-Main-1/INFO]: Preparing spawn area: 0%
[01:28:52] [Worker-Main-1/INFO]: Preparing spawn area: 0%
[01:28:52] [Worker-Main-1/INFO]: Preparing spawn area: 0%
[01:28:53] [Worker-Main-1/INFO]: Preparing spawn area: 0%
[01:28:53] [Worker-Main-1/INFO]: Preparing spawn area: 0%
[01:28:54] [Worker-Main-1/INFO]: Preparing spawn area: 0%
[01:28:54] [Worker-Main-1/INFO]: Preparing spawn area: 0%
[01:28:55] [Worker-Main-1/INFO]: Preparing spawn area: 0%
[01:28:55] [Worker-Main-1/INFO]: Preparing spawn area: 0%
[01:28:56] [Worker-Main-1/INFO]: Preparing spawn area: 0%
[01:28:57] [Worker-Main-1/INFO]: Preparing spawn area: 0%
[01:28:57] [Worker-Main-1/INFO]: Preparing spawn area: 0%
[01:28:57] [Worker-Main-1/INFO]: Preparing spawn area: 0%
[01:28:58] [Worker-Main-1/INFO]: Preparing spawn area: 0%
[01:28:58] [Worker-Main-1/INFO]: Preparing spawn area: 0%
[01:28:59] [Worker-Main-1/INFO]: Preparing spawn area: 0%
[01:28:59] [Worker-Main-1/INFO]: Preparing spawn area: 0%
[01:29:00] [Worker-Main-1/INFO]: Preparing spawn area: 0%
[01:29:00] [Worker-Main-1/INFO]: Preparing spawn area: 0%
[01:29:01] [Worker-Main-1/INFO]: Preparing spawn area: 0%
[01:29:01] [Worker-Main-1/INFO]: Preparing spawn area: 0%
[01:29:02] [Worker-Main-6/INFO]: Preparing spawn area: 0%
[01:29:02] [Worker-Main-6/INFO]: Preparing spawn area: 4%
[01:29:03] [Worker-Main-6/INFO]: Preparing spawn area: 19%
[01:29:03] [Worker-Main-6/INFO]: Preparing spawn area: 21%
[01:29:04] [Worker-Main-6/INFO]: Preparing spawn area: 26%
[01:29:04] [Worker-Main-6/INFO]: Preparing spawn area: 43%
[01:29:05] [Worker-Main-6/INFO]: Preparing spawn area: 47%
[01:29:05] [Worker-Main-6/INFO]: Preparing spawn area: 63%
[01:29:06] [Worker-Main-6/INFO]: Preparing spawn area: 68%
[01:29:07] [Server thread/INFO]: Time elapsed: 48322 ms
[01:29:07] [Server thread/INFO]: Done (63.018s)! For help, type "help"
[01:29:07] [Server thread/WARN]: [voicechat] Running in offline mode - Voice chat encryption is not secure!
[01:29:07] [VoiceChatServerThread/INFO]: [voicechat] Voice chat server started at 100.79.155.117:24454
[01:29:16] [Server thread/INFO]: Cafssterr[/100.73.252.4:62836] logged in with entity id 170 at (8.5, 117.0, 30.5)
[01:29:16] [Server thread/INFO]: Cafssterr joined the game
[01:29:17] [Server thread/INFO]: [voicechat] Received secret request of Cafssterr (18)
[01:29:17] [Server thread/INFO]: [voicechat] Sent secret to Cafssterr
[01:29:18] [VoiceChatPacketProcessingThread/INFO]: [voicechat] Successfully authenticated player 74ccd22b-956b-3a5f-9d14-af8760707151
[01:29:19] [VoiceChatPacketProcessingThread/INFO]: [voicechat] Successfully validated connection of player 74ccd22b-956b-3a5f-9d14-af8760707151
[01:29:19] [VoiceChatPacketProcessingThread/INFO]: [voicechat] Player Cafssterr (74ccd22b-956b-3a5f-9d14-af8760707151) successfully connected to voice chat
[01:29:41] [Server thread/INFO]: Naannoo[/100.86.117.58:62054] logged in with entity id 371 at (8.5, 117.0, 32.5)
[01:29:41] [Server thread/INFO]: Naannoo joined the game
[01:29:41] [Server thread/INFO]: [voicechat] Received secret request of Naannoo (18)
[01:29:41] [Server thread/INFO]: [voicechat] Sent secret to Naannoo
[01:29:43] [VoiceChatPacketProcessingThread/INFO]: [voicechat] Successfully authenticated player a6c38398-c00e-3764-baa4-f29ee5a5fbf8
[01:29:44] [VoiceChatPacketProcessingThread/INFO]: [voicechat] Successfully validated connection of player a6c38398-c00e-3764-baa4-f29ee5a5fbf8
[01:29:44] [VoiceChatPacketProcessingThread/INFO]: [voicechat] Player Naannoo (a6c38398-c00e-3764-baa4-f29ee5a5fbf8) successfully connected to voice chat
[01:31:39] [Server thread/INFO]: Cafssterr has made the advancement [Acquire Hardware]
[01:32:24] [Server thread/INFO]: Naannoo has made the advancement [Stone Age]
[01:32:33] [Server thread/INFO]: Naannoo has made the advancement [Getting an Upgrade]
[01:32:38] [Server thread/INFO]: Cafssterr has made the advancement [Stone Age]
[01:33:21] [Server thread/INFO]: Cafssterr has made the advancement [Getting an Upgrade]
[01:35:57] [Server thread/INFO]: Villager class_1646['Nitwit'/324, l='ServerLevel[world]', x=1.69, y=87.00, z=-189.64] died, message: 'Nitwit was slain by Cafssterr'
[01:36:14] [Server thread/INFO]: Naannoo has made the advancement [Not Today, Thank You]
[01:36:19] [Server thread/INFO]: Cafssterr has made the advancement [Not Today, Thank You]
[01:36:21] [Server thread/INFO]: Naannoo has made the advancement [Monster Hunter]
[01:36:41] [Server thread/INFO]: Cafssterr has made the advancement [Monster Hunter]
[01:42:32] [Server thread/INFO]: Naannoo lost connection: Disconnected
[01:42:32] [Server thread/INFO]: Naannoo left the game
[01:42:32] [Server thread/INFO]: [voicechat] Disconnecting client Naannoo
[01:42:43] [Server thread/INFO]: Cafssterr lost connection: Disconnected
[01:42:43] [Server thread/INFO]: Cafssterr left the game
[01:42:43] [Server thread/INFO]: [voicechat] Disconnecting client Cafssterr
[01:42:47] [Server thread/INFO]: Stopping the server
[01:42:47] [Server thread/INFO]: Stopping server
[01:42:47] [Server thread/INFO]: Saving players
[01:42:47] [Server thread/INFO]: Saving worlds
[01:42:47] [Server thread/INFO]: Saving chunks for level 'ServerLevel[world]'/minecraft:overworld
[01:42:48] [Server thread/INFO]: Saving chunks for level 'ServerLevel[world]'/minecraft:the_end
[01:42:48] [Server thread/INFO]: Saving chunks for level 'ServerLevel[world]'/minecraft:the_nether
[01:42:48] [Server thread/INFO]: ThreadedAnvilChunkStorage (world): All chunks are saved
[01:42:48] [Server thread/INFO]: ThreadedAnvilChunkStorage (DIM1): All chunks are saved
[01:42:48] [Server thread/INFO]: ThreadedAnvilChunkStorage (DIM-1): All chunks are saved
[01:42:48] [Server thread/INFO]: ThreadedAnvilChunkStorage: All dimensions are saved
